<?xml version="1.0" encoding="UTF-8"?>
<coverage generated="1786585109334" clover="3.2.0">
  <project timestamp="1786585109335" name="All files">
    <metrics statements="11" coveredstatements="9" conditionals="6" coveredconditionals="4" methods="3" coveredmethods="2" elements="20" coveredelements="15" complexity="0" loc="11" ncloc="11" packages="1" files="1" classes="1"/>
    <file name="index.js" path="C:\Users\XPS\express-ci-cd\src\index.js">
      <metrics statements="11" coveredstatements="9" conditionals="6" coveredconditionals="4" methods="3" coveredmethods="2"/>
      <line num="1" count="1" type="stmt"/>
      <line num="2" count="1" type="stmt"/>
      <line num="3" count="1" type="cond" truecount="2" falsecount="0"/>
      <line num="6" count="1" type="stmt"/>
      <line num="7" count="1" type="stmt"/>
      <line num="14" count="1" type="stmt"/>
      <line num="15" count="1" type="stmt"/>
      <line num="19" count="1" type="cond" truecount="1" falsecount="1"/>
      <line num="20" count="0" type="stmt"/>
      <line num="21" count="0" type="stmt"/>
      <line num="25" count="1" type="stmt"/>
    </file>
  </project>
</coverage>
